<?xml version="1.0" encoding="UTF-8"?>
<!-- Generated by org.testng.reporters.JUnitReportReporter -->
<testsuite skipped="0" hostname="CBT-MH-000" name="Automationtest.phptravelsproject.testcase4" tests="1" failures="0" timestamp="11 Oct 2019 12:30:03 GMT" time="40.373" errors="0">
  <testcase name="method" time="40.373" classname="Automationtest.phptravelsproject.testcase4"/>
</testsuite> <!-- Automationtest.phptravelsproject.testcase4 -->
