<?xml version="1.0" encoding="UTF-8"?>
<!-- Generated by org.testng.reporters.JUnitReportReporter -->
<testsuite skipped="0" hostname="CBT-MH-000" name="Automationtest.phptravelsproject.testcase3" tests="1" failures="0" timestamp="11 Oct 2019 12:29:02 GMT" time="19.957" errors="0">
  <testcase name="method1" time="19.957" classname="Automationtest.phptravelsproject.testcase3"/>
</testsuite> <!-- Automationtest.phptravelsproject.testcase3 -->
