<?xml version="1.0" encoding="UTF-8"?>
<!-- Generated by org.testng.reporters.JUnitReportReporter -->
<testsuite skipped="0" hostname="CBT-MH-000" name="Automationtest.phptravelsproject.testcase2" tests="1" failures="0" timestamp="11 Oct 2019 12:28:26 GMT" time="28.522" errors="0">
  <testcase name="method1" time="28.522" classname="Automationtest.phptravelsproject.testcase2"/>
</testsuite> <!-- Automationtest.phptravelsproject.testcase2 -->
