<?xml version="1.0" encoding="UTF-8"?>
<!-- Generated by org.testng.reporters.JUnitReportReporter -->
<testsuite skipped="0" hostname="CBT-MH-000" name="Automationtest.phptravelsproject.testcase1" tests="1" failures="0" timestamp="11 Oct 2019 12:25:24 GMT" time="72.350" errors="0">
  <testcase name="method" time="72.350" classname="Automationtest.phptravelsproject.testcase1"/>
</testsuite> <!-- Automationtest.phptravelsproject.testcase1 -->
